#
# A fatal error has been detected by the Java Runtime Environment:
#
#  Internal Error (0xc06d007e), pid=17412, tid=0x00002dd0
#
# JRE version:  (8.0_101-b13) (build )
# Java VM: Java HotSpot(TM) Client VM (25.101-b13 mixed mode windows-x86 )
# Problematic frame:
# C  [KERNELBASE.dll+0x812f]
#
# Failed to write core dump. Minidumps are not enabled by default on client versions of Windows
#
# If you would like to submit a bug report, please visit:
#   http://bugreport.java.com/bugreport/crash.jsp
# The crash happened outside the Java Virtual Machine in native code.
# See problematic frame for where to report the bug.
#

---------------  T H R E A D  ---------------

Current thread (0x0056c800):  JavaThread "main" [_thread_in_native, id=11728, stack(0x004e0000,0x00530000)]

siginfo: ExceptionCode=0xc06d007e, ExceptionInformation=0x0052ed68 

Registers:
EAX=0x0052ecf4, EBX=0x00000000, ECX=0x00000001, EDX=0x00000000
ESP=0x0052ecf4, EBP=0x0052ed44, ESI=0x680b553c, EDI=0x00000000
EIP=0x759c812f, EFLAGS=0x00000212

Top of Stack: (sp=0x0052ecf4)
0x0052ecf4:   c06d007e 00000000 00000000 759c812f
0x0052ed04:   00000001 0052ed68 778756f7 000cd970
0x0052ed14:   00000000 0052ed30 759c90b8 0052ed28
0x0052ed24:   680b553c 00000000 00000000 0052ed50
0x0052ed34:   7736dc97 680b53a0 00000000 00000000
0x0052ed44:   0052edac 680b224c c06d007e 00000000
0x0052ed54:   00000001 0052edb8 00000000 00000000
0x0052ed64:   00000000 00000024 680b553c 680bcf2c 

Instructions: (pc=0x759c812f)
0x759c810f:   89 45 c0 c1 e0 02 50 ff 75 14 8d 45 c4 50 e8 18
0x759c811f:   e7 ff ff 83 c4 0c 8d 45 b0 50 ff 15 5c 11 9c 75
0x759c812f:   c9 c2 10 00 89 45 c0 eb ed 3d 01 01 00 00 0f 85
0x759c813f:   6d 96 ff ff e9 49 96 ff ff 8d 4d b8 ff 15 4c 10 


Register to memory mapping:

EAX=0x0052ecf4 is pointing into the stack for thread: 0x0056c800
EBX=0x00000000 is an unknown value
ECX=0x00000001 is an unknown value
EDX=0x00000000 is an unknown value
ESP=0x0052ecf4 is pointing into the stack for thread: 0x0056c800
EBP=0x0052ed44 is pointing into the stack for thread: 0x0056c800
ESI=0x680b553c is an unknown value
EDI=0x00000000 is an unknown value


Stack: [0x004e0000,0x00530000],  sp=0x0052ecf4,  free space=315k
Native frames: (J=compiled Java code, j=interpreted, Vv=VM code, C=native code)
C  [KERNELBASE.dll+0x812f]
C  [java.dll+0x1224c]
C  [java.dll+0x12101]
C  [java.dll+0xae64]
C  0x0056cc60

Java frames: (J=compiled Java code, j=interpreted, Vv=VM code)
j  java.lang.System.initProperties(Ljava/util/Properties;)Ljava/util/Properties;+0
j  java.lang.System.initializeSystemClass()V+13
v  ~StubRoutines::call_stub

---------------  P R O C E S S  ---------------

Java Threads: ( => current thread )
  0x14097c00 JavaThread "Finalizer" daemon [_thread_blocked, id=6784, stack(0x03bb0000,0x03c00000)]
  0x14072c00 JavaThread "Reference Handler" daemon [_thread_blocked, id=13452, stack(0x14340000,0x14390000)]
=>0x0056c800 JavaThread "main" [_thread_in_native, id=11728, stack(0x004e0000,0x00530000)]

Other Threads:
  0x1406c800 VMThread [stack: 0x142d0000,0x14320000] [id=10872]

VM state:not at safepoint (normal execution)

VM Mutex/Monitor currently owned by a thread: None

Heap:
 def new generation   total 4928K, used 88K [0x03c00000, 0x04150000, 0x09150000)
  eden space 4416K,   2% used [0x03c00000, 0x03c16158, 0x04050000)
  from space 512K,   0% used [0x04050000, 0x04050000, 0x040d0000)
  to   space 512K,   0% used [0x040d0000, 0x040d0000, 0x04150000)
 tenured generation   total 10944K, used 0K [0x09150000, 0x09c00000, 0x13c00000)
   the space 10944K,   0% used [0x09150000, 0x09150000, 0x09150200, 0x09c00000)
 Metaspace       used 705K, capacity 2240K, committed 2240K, reserved 4480K

Card table byte_map: [0x03a10000,0x03aa0000] byte_map_base: 0x039f2000

Polling page: 0x00340000

CodeCache: size=32768Kb used=334Kb max_used=334Kb free=32433Kb
 bounds [0x01990000, 0x019e8000, 0x03990000]
 total_blobs=68 nmethods=0 adapters=45
 compilation: enabled

Compilation events (0 events):
No events

GC Heap History (0 events):
No events

Deoptimization events (0 events):
No events

Internal exceptions (2 events):
Event: 10.759 Thread 0x0056c800 Exception <a 'java/lang/NoSuchMethodError': Method sun.misc.Unsafe.defineClass(Ljava/lang/String;[BII)Ljava/lang/Class; name or signature does not match> (0x03c06ea8) thrown at [C:\re\workspace\8-2-build-windows-i586-cygwin\jdk8u101\7261\hotspot\src\share\¿d
Event: 10.759 Thread 0x0056c800 Exception <a 'java/lang/NoSuchMethodError': Method sun.misc.Unsafe.prefetchRead(Ljava/lang/Object;J)V name or signature does not match> (0x03c07178) thrown at [C:\re\workspace\8-2-build-windows-i586-cygwin\jdk8u101\7261\hotspot\src\share\vm\prims\jni.cpp, 

Events (10 events):
Event: 10.760 loading class java/util/HashMap$Node done
Event: 10.761 loading class sun/misc/VM
Event: 10.761 loading class sun/misc/VM done
Event: 10.761 loading class java/util/Hashtable$Entry
Event: 10.761 loading class java/util/Hashtable$Entry done
Event: 10.761 loading class java/lang/Math
Event: 10.762 loading class java/lang/Math done
Event: 10.762 loading class java/lang/ref/Finalizer$FinalizerThread
Event: 10.762 loading class java/lang/ref/Finalizer$FinalizerThread done
Event: 10.773 Thread 0x14097c00 Thread added: 0x14097c00


Dynamic libraries:
0x00d50000 - 0x00d83000 	C:\Program Files\Java\jre1.8.0_101\bin\javaw.exe
0x77820000 - 0x7795c000 	C:\Windows\SYSTEM32\ntdll.dll
0x77320000 - 0x773f4000 	C:\Windows\system32\kernel32.dll
0x759c0000 - 0x75a0b000 	C:\Windows\system32\KERNELBASE.dll
0x770f0000 - 0x77190000 	C:\Windows\system32\ADVAPI32.dll
0x75d20000 - 0x75dcc000 	C:\Windows\system32\msvcrt.dll
0x77960000 - 0x77979000 	C:\Windows\SYSTEM32\sechost.dll
0x77550000 - 0x775f2000 	C:\Windows\system32\RPCRT4.dll
0x77450000 - 0x77519000 	C:\Windows\system32\USER32.dll
0x77190000 - 0x771de000 	C:\Windows\system32\GDI32.dll
0x77a30000 - 0x77a3a000 	C:\Windows\system32\LPK.dll
0x77980000 - 0x77a1d000 	C:\Windows\system32\USP10.dll
0x748f0000 - 0x74a8e000 	C:\Windows\WinSxS\x86_microsoft.windows.common-controls_6595b64144ccf1df_6.0.7601.17514_none_41e6975e2bd6f2b2\COMCTL32.dll
0x77600000 - 0x77657000 	C:\Windows\system32\SHLWAPI.dll
0x76dd0000 - 0x76def000 	C:\Windows\system32\IMM32.DLL
0x75bc0000 - 0x75c8c000 	C:\Windows\system32\MSCTF.dll
0x64030000 - 0x640ef000 	C:\Program Files\Java\jre1.8.0_101\bin\msvcr100.dll
0x68190000 - 0x6855c000 	C:\Program Files\Java\jre1.8.0_101\bin\client\jvm.dll
0x6fbf0000 - 0x6fbf7000 	C:\Windows\system32\WSOCK32.dll
0x77250000 - 0x77285000 	C:\Windows\system32\WS2_32.dll
0x77a20000 - 0x77a26000 	C:\Windows\system32\NSI.dll
0x6e020000 - 0x6e052000 	C:\Windows\system32\WINMM.dll
0x74d50000 - 0x74d59000 	C:\Windows\system32\VERSION.dll
0x77a40000 - 0x77a45000 	C:\Windows\system32\PSAPI.DLL
0x6ac20000 - 0x6ac2c000 	C:\Program Files\Java\jre1.8.0_101\bin\verify.dll
0x680a0000 - 0x680c1000 	C:\Program Files\Java\jre1.8.0_101\bin\java.dll
0x64000000 - 0x64029000 	C:\Program Files\Java\jre1.8.0_101\bin\jdwp.dll
0x64420000 - 0x64427000 	C:\Program Files\Java\jre1.8.0_101\bin\npt.dll
0x68040000 - 0x68053000 	C:\Program Files\Java\jre1.8.0_101\bin\zip.dll

VM Arguments:
jvm_args: -agentlib:jdwp=transport=dt_socket,suspend=y,address=localhost:49639 -Dfile.encoding=Cp1252 
java_command: Beacukai.testes
java_class_path (initial): D:\SKRIPSI\BC-Sistem\build\classes;E:\JavaFX\mysql-connector-java-5.1.36.jar;E:\JavaFX\openjfx-dialogs-1.0.3.jar;E:\JavaFX\sqlite-jdbc-3.8.11.1.jar;E:\JavaFX\controlsfx-8.20.9.jar;E:\JavaFX\fxsampler-1.0.8.jar;E:\JavaFX\controlsfx-samples-8.20.9.jar;E:\JavaFX\fontawesomefx-8.0.8.jar;E:\JavaFX\controlsfx-8.40.9.jar
Launcher Type: SUN_STANDARD

Environment Variables:
JAVA_HOME=C:\Program Files\Java\jdk1.8.0_66
PATH=C:/Program Files/Java/jre1.8.0_101/bin/client;C:/Program Files/Java/jre1.8.0_101/bin;C:/Program Files/Java/jre1.8.0_101/lib/i386;C:\ProgramData\Oracle\Java\javapath;C:\Program Files\Intel\iCLS Client\;C:\Windows\system32;C:\Windows;C:\Windows\System32\Wbem;C:\Windows\System32\WindowsPowerShell\v1.0\;C:\Program Files\Intel\Intel(R) Management Engine Components\DAL;C:\Program Files\Intel\Intel(R) Management Engine Components\IPT;C:\Program Files\Intel\OpenCL SDK\2.0\bin\x86;C:\Program Files\Java\jdk1.8.0_66\bin;C:\Program Files\Git\cmd\;E:\JavaFX\apache-maven-3.3.9\bin\;C:\sqlite3;D:\toolsjava\eclipse;
USERNAME=hendra
OS=Windows_NT
PROCESSOR_IDENTIFIER=x86 Family 6 Model 42 Stepping 7, GenuineIntel



---------------  S Y S T E M  ---------------

OS: Windows 7 Build 7601 (6.1.7601.18015)

CPU:total 2 (2 cores per cpu, 1 threads per core) family 6 model 42 stepping 7, cmov, cx8, fxsr, mmx, sse, sse2, sse3, ssse3, sse4.1, sse4.2, popcnt, clmul, tsc, tscinvbit

Memory: 4k page, physical 1879656k(616052k free), swap 7518624k(3211884k free)

vm_info: Java HotSpot(TM) Client VM (25.101-b13) for windows-x86 JRE (1.8.0_101-b13), built on Jun 22 2016 00:45:44 by "java_re" with MS VC++ 10.0 (VS2010)

time: Thu Dec 08 19:55:21 2016
elapsed time: 20 seconds (0d 0h 0m 20s)

