#
# A fatal error has been detected by the Java Runtime Environment:
#
#  EXCEPTION_ACCESS_VIOLATION (0xc0000005) at pc=0x682e9a03, pid=12836, tid=0x000019a0
#
# JRE version:  (8.0_101-b13) (build )
# Java VM: Java HotSpot(TM) Client VM (25.101-b13 mixed mode windows-x86 )
# Problematic frame:
# V  [jvm.dll+0x159a03]
#
# Failed to write core dump. Minidumps are not enabled by default on client versions of Windows
#
# If you would like to submit a bug report, please visit:
#   http://bugreport.java.com/bugreport/crash.jsp
#

---------------  T H R E A D  ---------------

Current thread (0x004ec800):  JavaThread "Unknown thread" [_thread_in_vm, id=6560, stack(0x00ae0000,0x00b30000)]

siginfo: ExceptionCode=0xc0000005, writing address 0x00b2b84c

Registers:
EAX=0x00004000, EBX=0x00b2f95c, ECX=0x00b2b84c, EDX=0x008d0a30
ESP=0x00b2f858, EBP=0x00b2f8c4, ESI=0x00000005, EDI=0x00b2f84c
EIP=0x682e9a03, EFLAGS=0x00010206

Top of Stack: (sp=0x00b2f858)
0x00b2f858:   00000000 004ec800 682ea293 004ec800
0x00b2f868:   008d0a30 13e010b0 00b2f888 682ec136
0x00b2f878:   00000000 13e010e0 13e00ae8 008f3090
0x00b2f888:   00b2f8a4 68248b73 008f3020 13e010e0
0x00b2f898:   13e00ae8 008f3090 ffffffff 00000000
0x00b2f8a8:   00b2f94c 13e010b0 004ec800 0000000a
0x00b2f8b8:   00000000 00000000 01c6f870 00b2f90c
0x00b2f8c8:   683aff6e 00b2f954 00b2f938 00b2f96c 

Instructions: (pc=0x682e9a03)
0x682e99e3:   79 66 0c 00 be 01 00 00 00 8b f8 39 35 b0 88 4e
0x682e99f3:   68 7c 1b e8 05 3f 06 00 0f af c6 8b cf 2b c8 46
0x682e9a03:   c7 01 00 00 00 00 3b 35 b0 88 4e 68 7e e5 5f 5e
0x682e9a13:   c3 cc cc cc cc cc cc cc cc cc cc cc cc 8b 01 8b 


Register to memory mapping:

EAX=0x00004000 is an unknown value
EBX=0x00b2f95c is pointing into the stack for thread: 0x004ec800
ECX=0x00b2b84c is pointing into the stack for thread: 0x004ec800
EDX=0x008d0a30 is an unknown value
ESP=0x00b2f858 is pointing into the stack for thread: 0x004ec800
EBP=0x00b2f8c4 is pointing into the stack for thread: 0x004ec800
ESI=0x00000005 is an unknown value
EDI=0x00b2f84c is pointing into the stack for thread: 0x004ec800


Stack: [0x00ae0000,0x00b30000],  sp=0x00b2f858,  free space=318k
Native frames: (J=compiled Java code, j=interpreted, Vv=VM code, C=native code)
V  [jvm.dll+0x159a03]
V  [jvm.dll+0x21ff6e]
V  [jvm.dll+0x15a37e]
V  [jvm.dll+0xbf97b]
V  [jvm.dll+0xc0b37]
V  [jvm.dll+0xc0c88]
V  [jvm.dll+0xc0a5f]
V  [jvm.dll+0xc0c88]
V  [jvm.dll+0x177f7c]
V  [jvm.dll+0xe6491]
C  [javaw.exe+0x14d3]
C  [javaw.exe+0x2047]
C  [javaw.exe+0xaecf]
C  [javaw.exe+0xaf59]
C  [kernel32.dll+0x4ed6c]
C  [ntdll.dll+0x637eb]
C  [ntdll.dll+0x637be]
C  0x00000000


---------------  P R O C E S S  ---------------

Java Threads: ( => current thread )
=>0x004ec800 JavaThread "Unknown thread" [_thread_in_vm, id=6560, stack(0x00ae0000,0x00b30000)]

Other Threads:
  0x1426c800 VMThread [stack: 0x00c90000,0x00ce0000] [id=7124]

VM state:not at safepoint (normal execution)

VM Mutex/Monitor currently owned by a thread: None

Heap:
 def new generation   total 4928K, used 88K [0x03e00000, 0x04350000, 0x09350000)
  eden space 4416K,   2% used [0x03e00000, 0x03e16158, 0x04250000)
  from space 512K,   0% used [0x04250000, 0x04250000, 0x042d0000)
  to   space 512K,   0% used [0x042d0000, 0x042d0000, 0x04350000)
 tenured generation   total 10944K, used 0K [0x09350000, 0x09e00000, 0x13e00000)
   the space 10944K,   0% used [0x09350000, 0x09350000, 0x09350200, 0x09e00000)
 Metaspace       used 505K, capacity 2240K, committed 2240K, reserved 4480K

Card table byte_map: [0x00b30000,0x00bc0000] byte_map_base: 0x00b11000

Polling page: 0x00340000

CodeCache: size=32768Kb used=297Kb max_used=297Kb free=32470Kb
 bounds [0x01c60000, 0x01cb0000, 0x03c60000]
 total_blobs=52 nmethods=0 adapters=31
 compilation: enabled

Compilation events (0 events):
No events

GC Heap History (0 events):
No events

Deoptimization events (0 events):
No events

Internal exceptions (0 events):
No events

Events (10 events):
Event: 0.431 loading class java/lang/Short done
Event: 0.431 loading class java/lang/Integer
Event: 0.431 loading class java/lang/Integer done
Event: 0.431 loading class java/lang/Long
Event: 0.431 loading class java/lang/Long done
Event: 0.432 loading class java/lang/NullPointerException
Event: 0.432 loading class java/lang/NullPointerException done
Event: 0.432 loading class java/lang/ArithmeticException
Event: 0.432 loading class java/lang/ArithmeticException done
Event: 0.434 Thread 0x004ec800 Thread added: 0x004ec800


Dynamic libraries:
0x00d50000 - 0x00d83000 	C:\Program Files\Java\jre1.8.0_101\bin\javaw.exe
0x77820000 - 0x7795c000 	C:\Windows\SYSTEM32\ntdll.dll
0x77320000 - 0x773f4000 	C:\Windows\system32\kernel32.dll
0x759c0000 - 0x75a0b000 	C:\Windows\system32\KERNELBASE.dll
0x770f0000 - 0x77190000 	C:\Windows\system32\ADVAPI32.dll
0x75d20000 - 0x75dcc000 	C:\Windows\system32\msvcrt.dll
0x77960000 - 0x77979000 	C:\Windows\SYSTEM32\sechost.dll
0x77550000 - 0x775f2000 	C:\Windows\system32\RPCRT4.dll
0x77450000 - 0x77519000 	C:\Windows\system32\USER32.dll
0x77190000 - 0x771de000 	C:\Windows\system32\GDI32.dll
0x77a30000 - 0x77a3a000 	C:\Windows\system32\LPK.dll
0x77980000 - 0x77a1d000 	C:\Windows\system32\USP10.dll
0x748f0000 - 0x74a8e000 	C:\Windows\WinSxS\x86_microsoft.windows.common-controls_6595b64144ccf1df_6.0.7601.17514_none_41e6975e2bd6f2b2\COMCTL32.dll
0x77600000 - 0x77657000 	C:\Windows\system32\SHLWAPI.dll
0x76dd0000 - 0x76def000 	C:\Windows\system32\IMM32.DLL
0x75bc0000 - 0x75c8c000 	C:\Windows\system32\MSCTF.dll
0x64030000 - 0x640ef000 	C:\Program Files\Java\jre1.8.0_101\bin\msvcr100.dll
0x68190000 - 0x6855c000 	C:\Program Files\Java\jre1.8.0_101\bin\client\jvm.dll
0x6fbf0000 - 0x6fbf7000 	C:\Windows\system32\WSOCK32.dll
0x77250000 - 0x77285000 	C:\Windows\system32\WS2_32.dll
0x77a20000 - 0x77a26000 	C:\Windows\system32\NSI.dll
0x6e020000 - 0x6e052000 	C:\Windows\system32\WINMM.dll
0x74d50000 - 0x74d59000 	C:\Windows\system32\VERSION.dll
0x77a40000 - 0x77a45000 	C:\Windows\system32\PSAPI.DLL
0x6ac20000 - 0x6ac2c000 	C:\Program Files\Java\jre1.8.0_101\bin\verify.dll
0x680a0000 - 0x680c1000 	C:\Program Files\Java\jre1.8.0_101\bin\java.dll
0x64000000 - 0x64029000 	C:\Program Files\Java\jre1.8.0_101\bin\jdwp.dll
0x64420000 - 0x64427000 	C:\Program Files\Java\jre1.8.0_101\bin\npt.dll
0x68040000 - 0x68053000 	C:\Program Files\Java\jre1.8.0_101\bin\zip.dll

VM Arguments:
jvm_args: -agentlib:jdwp=transport=dt_socket,suspend=y,address=localhost:49677 -Dfile.encoding=Cp1252 
java_command: Beacukai.testes
java_class_path (initial): D:\SKRIPSI\BC-Sistem\build\classes;E:\JavaFX\mysql-connector-java-5.1.36.jar;E:\JavaFX\openjfx-dialogs-1.0.3.jar;E:\JavaFX\sqlite-jdbc-3.8.11.1.jar;E:\JavaFX\controlsfx-8.20.9.jar;E:\JavaFX\fxsampler-1.0.8.jar;E:\JavaFX\controlsfx-samples-8.20.9.jar;E:\JavaFX\fontawesomefx-8.0.8.jar;E:\JavaFX\controlsfx-8.40.9.jar
Launcher Type: SUN_STANDARD

Environment Variables:
JAVA_HOME=C:\Program Files\Java\jdk1.8.0_66
PATH=C:/Program Files/Java/jre1.8.0_101/bin/client;C:/Program Files/Java/jre1.8.0_101/bin;C:/Program Files/Java/jre1.8.0_101/lib/i386;C:\ProgramData\Oracle\Java\javapath;C:\Program Files\Intel\iCLS Client\;C:\Windows\system32;C:\Windows;C:\Windows\System32\Wbem;C:\Windows\System32\WindowsPowerShell\v1.0\;C:\Program Files\Intel\Intel(R) Management Engine Components\DAL;C:\Program Files\Intel\Intel(R) Management Engine Components\IPT;C:\Program Files\Intel\OpenCL SDK\2.0\bin\x86;C:\Program Files\Java\jdk1.8.0_66\bin;C:\Program Files\Git\cmd\;E:\JavaFX\apache-maven-3.3.9\bin\;C:\sqlite3;D:\toolsjava\eclipse;
USERNAME=hendra
OS=Windows_NT
PROCESSOR_IDENTIFIER=x86 Family 6 Model 42 Stepping 7, GenuineIntel



---------------  S Y S T E M  ---------------

OS: Windows 7 Build 7601 (6.1.7601.18015)

CPU:total 2 (2 cores per cpu, 1 threads per core) family 6 model 42 stepping 7, cmov, cx8, fxsr, mmx, sse, sse2, sse3, ssse3, sse4.1, sse4.2, popcnt, clmul, tsc, tscinvbit

Memory: 4k page, physical 1879656k(230912k free), swap 7518624k(332752k free)

vm_info: Java HotSpot(TM) Client VM (25.101-b13) for windows-x86 JRE (1.8.0_101-b13), built on Jun 22 2016 00:45:44 by "java_re" with MS VC++ 10.0 (VS2010)

time: Thu Dec 08 19:55:19 2016
elapsed time: 8 seconds (0d 0h 0m 8s)

